18:32:40 INFO  manager.ApplicationManager - Tests stars with Chrome
18:32:47 INFO  manager.MyListener - Start search element by locator-->By.id: city
18:32:47 INFO  manager.MyListener - The element with locator-->By.id: city was found
18:32:47 INFO  manager.MyListener - Click on WebElement by locator-->[[ChromeDriver: chrome on WINDOWS (7fbb1d84870a93313affd3ea79a70ef7)] -> id: city]
18:32:47 INFO  manager.MyListener - Start search element by locator-->By.cssSelector: div.pac-item
18:32:48 INFO  manager.MyListener - The element with locator-->By.cssSelector: div.pac-item was found
18:32:48 INFO  manager.MyListener - Click on WebElement by locator-->[[ChromeDriver: chrome on WINDOWS (7fbb1d84870a93313affd3ea79a70ef7)] -> css selector: div.pac-item]
18:32:48 INFO  manager.MyListener - Start search element by locator-->By.id: dates
18:32:48 INFO  manager.MyListener - The element with locator-->By.id: dates was found
18:32:48 INFO  manager.MyListener - Click on WebElement by locator-->[[ChromeDriver: chrome on WINDOWS (7fbb1d84870a93313affd3ea79a70ef7)] -> id: dates]
18:32:48 INFO  manager.MyListener - Start search element by locator-->By.xpath: //td[@aria-label='November 25, 2021']
18:32:48 INFO  manager.MyListener - The element with locator-->By.xpath: //td[@aria-label='November 25, 2021'] was found
18:32:48 INFO  manager.MyListener - Start search element by locator-->By.xpath: //td[@aria-label='November 28, 2021']
18:32:48 INFO  manager.MyListener - The element with locator-->By.xpath: //td[@aria-label='November 28, 2021'] was found
18:33:37 INFO  manager.MyListener - Start search element by locator-->By.xpath: //*
18:33:37 INFO  manager.MyListener - The element with locator-->By.xpath: //* was found
18:33:54 INFO  manager.MyListener - Start search element by locator-->By.xpath: //*
18:33:54 INFO  manager.MyListener - The element with locator-->By.xpath: //* was found
18:34:28 INFO  manager.MyListener - Start search element by locator-->By.xpath: //*
18:34:28 INFO  manager.MyListener - The element with locator-->By.xpath: //* was found
18:34:37 INFO  manager.MyListener - Start search element by locator-->By.xpath: //*
18:34:37 INFO  manager.MyListener - The element with locator-->By.xpath: //* was found
18:35:29 INFO  manager.MyListener - Start search element by locator-->By.xpath: //
18:35:29 INFO  manager.MyListener - Something went wrong!!!
18:35:29 INFO  manager.MyListener - org.openqa.selenium.InvalidSelectorException: invalid selector: Unable to locate an element with the xpath expression // because of the following error:
SyntaxError: Failed to execute 'evaluate' on 'Document': The string '//' is not a valid XPath expression.
  (Session info: chrome=95.0.4638.69)
For documentation on this error, please visit: https://www.seleniumhq.org/exceptions/invalid_selector_exception.html
Build info: version: '3.141.59', revision: 'e82be7d358', time: '2018-11-14T08:17:03'
System info: host: 'DESKTOP-LB14E35', ip: '172.20.10.10', os.name: 'Windows 10', os.arch: 'amd64', os.version: '10.0', java.version: '1.8.0_301'
Driver info: org.openqa.selenium.chrome.ChromeDriver
Capabilities {acceptInsecureCerts: false, browserName: chrome, browserVersion: 95.0.4638.69, chrome: {chromedriverVersion: 94.0.4606.61 (418b78f5838ed..., userDataDir: C:\Users\Inga\AppData\Local...}, goog:chromeOptions: {debuggerAddress: localhost:51067}, javascriptEnabled: true, networkConnectionEnabled: false, pageLoadStrategy: normal, platform: WINDOWS, platformName: WINDOWS, proxy: Proxy(), setWindowRect: true, strictFileInteractability: false, timeouts: {implicit: 0, pageLoad: 300000, script: 30000}, unhandledPromptBehavior: dismiss and notify, webauthn:extension:credBlob: true, webauthn:extension:largeBlob: true, webauthn:virtualAuthenticators: true}
Session ID: 7fbb1d84870a93313affd3ea79a70ef7
*** Element info: {Using=xpath, value=//}
18:35:30 INFO  manager.MyListener - This link to screenshot with error --->src/test/screenshots/screenshot-2129.png
18:35:38 INFO  manager.MyListener - Start search element by locator-->By.xpath: //.
18:35:38 INFO  manager.MyListener - Something went wrong!!!
18:35:38 INFO  manager.MyListener - org.openqa.selenium.InvalidSelectorException: invalid selector: The result of the xpath expression "//." is: [object HTMLDocument]. It should be an element.
  (Session info: chrome=95.0.4638.69)
For documentation on this error, please visit: https://www.seleniumhq.org/exceptions/invalid_selector_exception.html
Build info: version: '3.141.59', revision: 'e82be7d358', time: '2018-11-14T08:17:03'
System info: host: 'DESKTOP-LB14E35', ip: '172.20.10.10', os.name: 'Windows 10', os.arch: 'amd64', os.version: '10.0', java.version: '1.8.0_301'
Driver info: org.openqa.selenium.chrome.ChromeDriver
Capabilities {acceptInsecureCerts: false, browserName: chrome, browserVersion: 95.0.4638.69, chrome: {chromedriverVersion: 94.0.4606.61 (418b78f5838ed..., userDataDir: C:\Users\Inga\AppData\Local...}, goog:chromeOptions: {debuggerAddress: localhost:51067}, javascriptEnabled: true, networkConnectionEnabled: false, pageLoadStrategy: normal, platform: WINDOWS, platformName: WINDOWS, proxy: Proxy(), setWindowRect: true, strictFileInteractability: false, timeouts: {implicit: 0, pageLoad: 300000, script: 30000}, unhandledPromptBehavior: dismiss and notify, webauthn:extension:credBlob: true, webauthn:extension:largeBlob: true, webauthn:virtualAuthenticators: true}
Session ID: 7fbb1d84870a93313affd3ea79a70ef7
*** Element info: {Using=xpath, value=//.}
18:35:39 INFO  manager.MyListener - This link to screenshot with error --->src/test/screenshots/screenshot-2138.png
18:35:49 INFO  manager.MyListener - Start search element by locator-->By.xpath: *
18:35:49 INFO  manager.MyListener - The element with locator-->By.xpath: * was found
18:36:00 INFO  manager.MyListener - Start search element by locator-->By.xpath: *
18:36:00 INFO  manager.MyListener - The element with locator-->By.xpath: * was found
18:36:28 INFO  manager.MyListener - Start search element by locator-->By.xpath: *
18:36:28 INFO  manager.MyListener - The element with locator-->By.xpath: * was found
18:36:45 INFO  manager.MyListener - Start search element by locator-->By.xpath: *
18:36:45 INFO  manager.MyListener - The element with locator-->By.xpath: * was found
18:36:45 INFO  manager.MyListener - Click on WebElement by locator-->[[[[ChromeDriver: chrome on WINDOWS (7fbb1d84870a93313affd3ea79a70ef7)] -> xpath: //td[@aria-label='November 25, 2021']]] -> xpath: *]
18:37:04 INFO  manager.MyListener - Start search element by locator-->By.xpath: //*
18:37:04 INFO  manager.MyListener - Something went wrong!!!
18:37:04 INFO  manager.MyListener - org.openqa.selenium.StaleElementReferenceException: stale element reference: element is not attached to the page document
  (Session info: chrome=95.0.4638.69)
For documentation on this error, please visit: https://www.seleniumhq.org/exceptions/stale_element_reference.html
Build info: version: '3.141.59', revision: 'e82be7d358', time: '2018-11-14T08:17:03'
System info: host: 'DESKTOP-LB14E35', ip: '172.20.10.10', os.name: 'Windows 10', os.arch: 'amd64', os.version: '10.0', java.version: '1.8.0_301'
Driver info: org.openqa.selenium.chrome.ChromeDriver
Capabilities {acceptInsecureCerts: false, browserName: chrome, browserVersion: 95.0.4638.69, chrome: {chromedriverVersion: 94.0.4606.61 (418b78f5838ed..., userDataDir: C:\Users\Inga\AppData\Local...}, goog:chromeOptions: {debuggerAddress: localhost:51067}, javascriptEnabled: true, networkConnectionEnabled: false, pageLoadStrategy: normal, platform: WINDOWS, platformName: WINDOWS, proxy: Proxy(), setWindowRect: true, strictFileInteractability: false, timeouts: {implicit: 0, pageLoad: 300000, script: 30000}, unhandledPromptBehavior: dismiss and notify, webauthn:extension:credBlob: true, webauthn:extension:largeBlob: true, webauthn:virtualAuthenticators: true}
Session ID: 7fbb1d84870a93313affd3ea79a70ef7
*** Element info: {Using=xpath, value=//*}
18:37:15 INFO  manager.MyListener - This link to screenshot with error --->src/test/screenshots/screenshot-2224.png
