19:04:26 INFO  manager.ApplicationManager - Tests stars with Chrome
19:04:32 INFO  manager.MyListener - Start search element by locator-->By.xpath: //a[text()=' Log in ']
19:04:32 INFO  manager.MyListener - The element with locator-->By.xpath: //a[text()=' Log in '] was found
19:04:32 INFO  manager.MyListener - Start search element by locator-->By.xpath: //a[text()=' Log in ']
19:04:32 INFO  manager.MyListener - The element with locator-->By.xpath: //a[text()=' Log in '] was found
19:04:33 INFO  manager.MyListener - Click on WebElement by locator-->[[ChromeDriver: chrome on WINDOWS (190c39b33732a01f72726455bddc3781)] -> xpath: //a[text()=' Log in ']]
19:04:33 INFO  manager.MyListener - Start search element by locator-->By.xpath: //input[@id='email']
19:04:33 INFO  manager.MyListener - The element with locator-->By.xpath: //input[@id='email'] was found
19:04:33 INFO  manager.MyListener - Click on WebElement by locator-->[[ChromeDriver: chrome on WINDOWS (190c39b33732a01f72726455bddc3781)] -> xpath: //input[@id='email']]
19:04:33 INFO  manager.MyListener - Start search element by locator-->By.xpath: //input[@id='password']
19:04:33 INFO  manager.MyListener - The element with locator-->By.xpath: //input[@id='password'] was found
19:04:33 INFO  manager.MyListener - Click on WebElement by locator-->[[ChromeDriver: chrome on WINDOWS (190c39b33732a01f72726455bddc3781)] -> xpath: //input[@id='password']]
19:04:33 INFO  manager.MyListener - Start search element by locator-->By.xpath: //button[@type='submit']
19:04:33 INFO  manager.MyListener - The element with locator-->By.xpath: //button[@type='submit'] was found
19:04:33 INFO  manager.MyListener - Start search element by locator-->By.xpath: //button[text()='Ok']
19:04:34 INFO  manager.MyListener - The element with locator-->By.xpath: //button[text()='Ok'] was found
19:04:34 INFO  manager.MyListener - Click on WebElement by locator-->[[ChromeDriver: chrome on WINDOWS (190c39b33732a01f72726455bddc3781)] -> xpath: //button[text()='Ok']]
19:04:39 INFO  manager.MyListener - Start search element by locator-->By.id: 1
19:04:39 INFO  manager.MyListener - The element with locator-->By.id: 1 was found
19:04:39 INFO  manager.MyListener - Click on WebElement by locator-->[[ChromeDriver: chrome on WINDOWS (190c39b33732a01f72726455bddc3781)] -> id: 1]
19:04:39 INFO  manager.MyListener - Start search element by locator-->By.cssSelector: h2
19:04:39 INFO  manager.MyListener - The element with locator-->By.cssSelector: h2 was found
19:04:39 INFO  manager.MyListener - Start search element by locator-->By.id: pickUpPlace
19:04:39 INFO  manager.MyListener - The element with locator-->By.id: pickUpPlace was found
19:04:39 INFO  manager.MyListener - Click on WebElement by locator-->[[ChromeDriver: chrome on WINDOWS (190c39b33732a01f72726455bddc3781)] -> id: pickUpPlace]
19:04:40 INFO  manager.MyListener - Start search element by locator-->By.cssSelector: div.pac-item
19:04:40 INFO  manager.MyListener - The element with locator-->By.cssSelector: div.pac-item was found
19:04:40 INFO  manager.MyListener - Click on WebElement by locator-->[[ChromeDriver: chrome on WINDOWS (190c39b33732a01f72726455bddc3781)] -> css selector: div.pac-item]
19:04:45 INFO  manager.MyListener - Start search element by locator-->By.id: make
19:04:45 INFO  manager.MyListener - The element with locator-->By.id: make was found
19:04:45 INFO  manager.MyListener - Click on WebElement by locator-->[[ChromeDriver: chrome on WINDOWS (190c39b33732a01f72726455bddc3781)] -> id: make]
19:04:45 INFO  manager.MyListener - Start search element by locator-->By.id: model
19:04:45 INFO  manager.MyListener - The element with locator-->By.id: model was found
19:04:45 INFO  manager.MyListener - Click on WebElement by locator-->[[ChromeDriver: chrome on WINDOWS (190c39b33732a01f72726455bddc3781)] -> id: model]
19:04:46 INFO  manager.MyListener - Start search element by locator-->By.id: year
19:04:46 INFO  manager.MyListener - The element with locator-->By.id: year was found
19:04:46 INFO  manager.MyListener - Click on WebElement by locator-->[[ChromeDriver: chrome on WINDOWS (190c39b33732a01f72726455bddc3781)] -> id: year]
19:04:46 INFO  manager.MyListener - Start search element by locator-->By.id: engine
19:04:46 INFO  manager.MyListener - The element with locator-->By.id: engine was found
19:04:46 INFO  manager.MyListener - Click on WebElement by locator-->[[ChromeDriver: chrome on WINDOWS (190c39b33732a01f72726455bddc3781)] -> id: engine]
19:04:46 INFO  manager.MyListener - Start search element by locator-->By.id: fuel
19:04:46 INFO  manager.MyListener - The element with locator-->By.id: fuel was found
19:04:46 INFO  manager.MyListener - Start search element by locator-->By.xpath: .//option[@value = "Petrol"]
19:04:46 INFO  manager.MyListener - The element with locator-->By.xpath: .//option[@value = "Petrol"] was found
19:04:46 INFO  manager.MyListener - Click on WebElement by locator-->[[[[ChromeDriver: chrome on WINDOWS (190c39b33732a01f72726455bddc3781)] -> id: fuel]] -> xpath: .//option[@value = "Petrol"]]
19:04:46 INFO  manager.MyListener - Start search element by locator-->By.id: gear
19:04:46 INFO  manager.MyListener - The element with locator-->By.id: gear was found
19:04:46 INFO  manager.MyListener - Start search element by locator-->By.xpath: .//option[@value = "MT"]
19:04:46 INFO  manager.MyListener - The element with locator-->By.xpath: .//option[@value = "MT"] was found
19:04:46 INFO  manager.MyListener - Click on WebElement by locator-->[[[[ChromeDriver: chrome on WINDOWS (190c39b33732a01f72726455bddc3781)] -> id: gear]] -> xpath: .//option[@value = "MT"]]
19:04:46 INFO  manager.MyListener - Start search element by locator-->By.id: wheelsDrive
19:04:46 INFO  manager.MyListener - The element with locator-->By.id: wheelsDrive was found
19:04:46 INFO  manager.MyListener - Start search element by locator-->By.xpath: .//option[@value = "AWD"]
19:04:46 INFO  manager.MyListener - The element with locator-->By.xpath: .//option[@value = "AWD"] was found
19:04:46 INFO  manager.MyListener - Click on WebElement by locator-->[[[[ChromeDriver: chrome on WINDOWS (190c39b33732a01f72726455bddc3781)] -> id: wheelsDrive]] -> xpath: .//option[@value = "AWD"]]
19:04:46 INFO  manager.MyListener - Start search element by locator-->By.id: doors
19:04:46 INFO  manager.MyListener - The element with locator-->By.id: doors was found
19:04:47 INFO  manager.MyListener - Click on WebElement by locator-->[[ChromeDriver: chrome on WINDOWS (190c39b33732a01f72726455bddc3781)] -> id: doors]
19:04:47 INFO  manager.MyListener - Start search element by locator-->By.id: seats
19:04:47 INFO  manager.MyListener - The element with locator-->By.id: seats was found
19:04:47 INFO  manager.MyListener - Click on WebElement by locator-->[[ChromeDriver: chrome on WINDOWS (190c39b33732a01f72726455bddc3781)] -> id: seats]
19:04:47 INFO  manager.MyListener - Start search element by locator-->By.id: class
19:04:47 INFO  manager.MyListener - The element with locator-->By.id: class was found
19:04:47 INFO  manager.MyListener - Click on WebElement by locator-->[[ChromeDriver: chrome on WINDOWS (190c39b33732a01f72726455bddc3781)] -> id: class]
19:04:47 INFO  manager.MyListener - Start search element by locator-->By.id: fuelConsumption
19:04:47 INFO  manager.MyListener - The element with locator-->By.id: fuelConsumption was found
19:04:47 INFO  manager.MyListener - Click on WebElement by locator-->[[ChromeDriver: chrome on WINDOWS (190c39b33732a01f72726455bddc3781)] -> id: fuelConsumption]
19:04:47 INFO  manager.MyListener - Start search element by locator-->By.id: serialNumber
19:04:47 INFO  manager.MyListener - The element with locator-->By.id: serialNumber was found
19:04:47 INFO  manager.MyListener - Click on WebElement by locator-->[[ChromeDriver: chrome on WINDOWS (190c39b33732a01f72726455bddc3781)] -> id: serialNumber]
19:04:47 INFO  manager.MyListener - Start search element by locator-->By.id: price
19:04:48 INFO  manager.MyListener - The element with locator-->By.id: price was found
19:04:48 INFO  manager.MyListener - Click on WebElement by locator-->[[ChromeDriver: chrome on WINDOWS (190c39b33732a01f72726455bddc3781)] -> id: price]
19:04:48 INFO  manager.MyListener - Start search element by locator-->By.id: distance
19:04:48 INFO  manager.MyListener - The element with locator-->By.id: distance was found
19:04:48 INFO  manager.MyListener - Click on WebElement by locator-->[[ChromeDriver: chrome on WINDOWS (190c39b33732a01f72726455bddc3781)] -> id: distance]
19:04:48 INFO  manager.MyListener - Start search element by locator-->By.cssSelector: .feature-input
19:04:48 INFO  manager.MyListener - The element with locator-->By.cssSelector: .feature-input was found
19:04:48 INFO  manager.MyListener - Click on WebElement by locator-->[[ChromeDriver: chrome on WINDOWS (190c39b33732a01f72726455bddc3781)] -> css selector: .feature-input]
19:04:48 INFO  manager.MyListener - Start search element by locator-->By.id: about
19:04:48 INFO  manager.MyListener - The element with locator-->By.id: about was found
19:04:48 INFO  manager.MyListener - Click on WebElement by locator-->[[ChromeDriver: chrome on WINDOWS (190c39b33732a01f72726455bddc3781)] -> id: about]
19:04:48 INFO  manager.MyListener - Start search element by locator-->By.id: photos
19:04:48 INFO  manager.MyListener - The element with locator-->By.id: photos was found
19:04:48 INFO  manager.MyListener - Start search element by locator-->By.xpath: //button[@type='submit']
19:04:48 INFO  manager.MyListener - The element with locator-->By.xpath: //button[@type='submit'] was found
19:04:50 INFO  manager.MyListener - Start search element by locator-->By.cssSelector: .mat-dialog-container
19:04:52 INFO  manager.MyListener - The element with locator-->By.cssSelector: .mat-dialog-container was found
19:04:52 INFO  manager.MyListener - Start search element by locator-->By.className: message
19:04:52 INFO  manager.MyListener - The element with locator-->By.className: message was found
19:04:52 INFO  manager.MyListener - Start search element by locator-->By.xpath: //button[text()='Search cars']
19:04:52 INFO  manager.MyListener - The element with locator-->By.xpath: //button[text()='Search cars'] was found
19:04:52 INFO  manager.MyListener - Click on WebElement by locator-->[[ChromeDriver: chrome on WINDOWS (190c39b33732a01f72726455bddc3781)] -> xpath: //button[text()='Search cars']]
19:04:52 INFO  manager.MyListener - Start search element by locator-->By.xpath: //a[text()=' Logout ']
19:04:52 INFO  manager.MyListener - The element with locator-->By.xpath: //a[text()=' Logout '] was found
19:04:52 INFO  manager.MyListener - Click on WebElement by locator-->[[ChromeDriver: chrome on WINDOWS (190c39b33732a01f72726455bddc3781)] -> xpath: //a[text()=' Logout ']]
19:04:57 INFO  manager.MyListener - Start search element by locator-->By.xpath: //a[text()=' Log in ']
19:04:57 INFO  manager.MyListener - The element with locator-->By.xpath: //a[text()=' Log in '] was found
19:04:57 INFO  manager.MyListener - Start search element by locator-->By.xpath: //a[text()=' Log in ']
19:04:57 INFO  manager.MyListener - The element with locator-->By.xpath: //a[text()=' Log in '] was found
19:04:58 INFO  manager.MyListener - Click on WebElement by locator-->[[ChromeDriver: chrome on WINDOWS (190c39b33732a01f72726455bddc3781)] -> xpath: //a[text()=' Log in ']]
19:04:58 INFO  manager.MyListener - Start search element by locator-->By.xpath: //input[@id='email']
19:04:58 INFO  manager.MyListener - The element with locator-->By.xpath: //input[@id='email'] was found
19:04:58 INFO  manager.MyListener - Click on WebElement by locator-->[[ChromeDriver: chrome on WINDOWS (190c39b33732a01f72726455bddc3781)] -> xpath: //input[@id='email']]
19:04:58 INFO  manager.MyListener - Start search element by locator-->By.xpath: //input[@id='password']
19:04:58 INFO  manager.MyListener - The element with locator-->By.xpath: //input[@id='password'] was found
19:04:58 INFO  manager.MyListener - Click on WebElement by locator-->[[ChromeDriver: chrome on WINDOWS (190c39b33732a01f72726455bddc3781)] -> xpath: //input[@id='password']]
19:04:58 INFO  manager.MyListener - Start search element by locator-->By.xpath: //button[@type='submit']
19:04:58 INFO  manager.MyListener - The element with locator-->By.xpath: //button[@type='submit'] was found
19:04:58 INFO  manager.MyListener - Start search element by locator-->By.xpath: //button[text()='Ok']
19:04:59 INFO  manager.MyListener - The element with locator-->By.xpath: //button[text()='Ok'] was found
19:04:59 INFO  manager.MyListener - Click on WebElement by locator-->[[ChromeDriver: chrome on WINDOWS (190c39b33732a01f72726455bddc3781)] -> xpath: //button[text()='Ok']]
19:05:04 INFO  manager.MyListener - Start search element by locator-->By.id: 1
19:05:04 INFO  manager.MyListener - The element with locator-->By.id: 1 was found
19:05:04 INFO  manager.MyListener - Click on WebElement by locator-->[[ChromeDriver: chrome on WINDOWS (190c39b33732a01f72726455bddc3781)] -> id: 1]
19:05:04 INFO  manager.MyListener - Start search element by locator-->By.cssSelector: h2
19:05:04 INFO  manager.MyListener - The element with locator-->By.cssSelector: h2 was found
19:05:04 INFO  manager.MyListener - Start search element by locator-->By.id: pickUpPlace
19:05:04 INFO  manager.MyListener - The element with locator-->By.id: pickUpPlace was found
19:05:04 INFO  manager.MyListener - Click on WebElement by locator-->[[ChromeDriver: chrome on WINDOWS (190c39b33732a01f72726455bddc3781)] -> id: pickUpPlace]
19:05:04 INFO  manager.MyListener - Start search element by locator-->By.cssSelector: div.pac-item
19:05:04 INFO  manager.MyListener - The element with locator-->By.cssSelector: div.pac-item was found
19:05:05 INFO  manager.MyListener - Click on WebElement by locator-->[[ChromeDriver: chrome on WINDOWS (190c39b33732a01f72726455bddc3781)] -> css selector: div.pac-item]
19:05:10 INFO  manager.MyListener - Start search element by locator-->By.id: make
19:05:10 INFO  manager.MyListener - The element with locator-->By.id: make was found
19:05:10 INFO  manager.MyListener - Click on WebElement by locator-->[[ChromeDriver: chrome on WINDOWS (190c39b33732a01f72726455bddc3781)] -> id: make]
19:05:10 INFO  manager.MyListener - Start search element by locator-->By.id: model
19:05:10 INFO  manager.MyListener - The element with locator-->By.id: model was found
19:05:10 INFO  manager.MyListener - Click on WebElement by locator-->[[ChromeDriver: chrome on WINDOWS (190c39b33732a01f72726455bddc3781)] -> id: model]
19:05:10 INFO  manager.MyListener - Start search element by locator-->By.id: year
19:05:10 INFO  manager.MyListener - The element with locator-->By.id: year was found
19:05:10 INFO  manager.MyListener - Click on WebElement by locator-->[[ChromeDriver: chrome on WINDOWS (190c39b33732a01f72726455bddc3781)] -> id: year]
19:05:10 INFO  manager.MyListener - Start search element by locator-->By.id: engine
19:05:10 INFO  manager.MyListener - The element with locator-->By.id: engine was found
19:05:10 INFO  manager.MyListener - Click on WebElement by locator-->[[ChromeDriver: chrome on WINDOWS (190c39b33732a01f72726455bddc3781)] -> id: engine]
19:05:10 INFO  manager.MyListener - Start search element by locator-->By.id: fuel
19:05:10 INFO  manager.MyListener - The element with locator-->By.id: fuel was found
19:05:10 INFO  manager.MyListener - Start search element by locator-->By.xpath: .//option[@value = "Diesel"]
19:05:10 INFO  manager.MyListener - The element with locator-->By.xpath: .//option[@value = "Diesel"] was found
19:05:10 INFO  manager.MyListener - Click on WebElement by locator-->[[[[ChromeDriver: chrome on WINDOWS (190c39b33732a01f72726455bddc3781)] -> id: fuel]] -> xpath: .//option[@value = "Diesel"]]
19:05:10 INFO  manager.MyListener - Start search element by locator-->By.id: gear
19:05:10 INFO  manager.MyListener - The element with locator-->By.id: gear was found
19:05:10 INFO  manager.MyListener - Start search element by locator-->By.xpath: .//option[@value = "AT"]
19:05:10 INFO  manager.MyListener - The element with locator-->By.xpath: .//option[@value = "AT"] was found
19:05:11 INFO  manager.MyListener - Click on WebElement by locator-->[[[[ChromeDriver: chrome on WINDOWS (190c39b33732a01f72726455bddc3781)] -> id: gear]] -> xpath: .//option[@value = "AT"]]
19:05:11 INFO  manager.MyListener - Start search element by locator-->By.id: wheelsDrive
19:05:11 INFO  manager.MyListener - The element with locator-->By.id: wheelsDrive was found
19:05:11 INFO  manager.MyListener - Start search element by locator-->By.xpath: .//option[@value = "AWD"]
19:05:11 INFO  manager.MyListener - The element with locator-->By.xpath: .//option[@value = "AWD"] was found
19:05:11 INFO  manager.MyListener - Click on WebElement by locator-->[[[[ChromeDriver: chrome on WINDOWS (190c39b33732a01f72726455bddc3781)] -> id: wheelsDrive]] -> xpath: .//option[@value = "AWD"]]
19:05:11 INFO  manager.MyListener - Start search element by locator-->By.id: doors
19:05:11 INFO  manager.MyListener - The element with locator-->By.id: doors was found
19:05:11 INFO  manager.MyListener - Click on WebElement by locator-->[[ChromeDriver: chrome on WINDOWS (190c39b33732a01f72726455bddc3781)] -> id: doors]
19:05:11 INFO  manager.MyListener - Start search element by locator-->By.id: seats
19:05:11 INFO  manager.MyListener - The element with locator-->By.id: seats was found
19:05:11 INFO  manager.MyListener - Click on WebElement by locator-->[[ChromeDriver: chrome on WINDOWS (190c39b33732a01f72726455bddc3781)] -> id: seats]
19:05:11 INFO  manager.MyListener - Start search element by locator-->By.id: class
19:05:11 INFO  manager.MyListener - The element with locator-->By.id: class was found
19:05:11 INFO  manager.MyListener - Click on WebElement by locator-->[[ChromeDriver: chrome on WINDOWS (190c39b33732a01f72726455bddc3781)] -> id: class]
19:05:11 INFO  manager.MyListener - Start search element by locator-->By.id: fuelConsumption
19:05:11 INFO  manager.MyListener - The element with locator-->By.id: fuelConsumption was found
19:05:11 INFO  manager.MyListener - Click on WebElement by locator-->[[ChromeDriver: chrome on WINDOWS (190c39b33732a01f72726455bddc3781)] -> id: fuelConsumption]
19:05:11 INFO  manager.MyListener - Start search element by locator-->By.id: serialNumber
19:05:11 INFO  manager.MyListener - The element with locator-->By.id: serialNumber was found
19:05:12 INFO  manager.MyListener - Click on WebElement by locator-->[[ChromeDriver: chrome on WINDOWS (190c39b33732a01f72726455bddc3781)] -> id: serialNumber]
19:05:12 INFO  manager.MyListener - Start search element by locator-->By.id: price
19:05:12 INFO  manager.MyListener - The element with locator-->By.id: price was found
19:05:12 INFO  manager.MyListener - Click on WebElement by locator-->[[ChromeDriver: chrome on WINDOWS (190c39b33732a01f72726455bddc3781)] -> id: price]
19:05:12 INFO  manager.MyListener - Start search element by locator-->By.id: distance
19:05:12 INFO  manager.MyListener - The element with locator-->By.id: distance was found
19:05:12 INFO  manager.MyListener - Click on WebElement by locator-->[[ChromeDriver: chrome on WINDOWS (190c39b33732a01f72726455bddc3781)] -> id: distance]
19:05:12 INFO  manager.MyListener - Start search element by locator-->By.cssSelector: .feature-input
19:05:12 INFO  manager.MyListener - The element with locator-->By.cssSelector: .feature-input was found
19:05:12 INFO  manager.MyListener - Click on WebElement by locator-->[[ChromeDriver: chrome on WINDOWS (190c39b33732a01f72726455bddc3781)] -> css selector: .feature-input]
19:05:12 INFO  manager.MyListener - Start search element by locator-->By.id: about
19:05:12 INFO  manager.MyListener - The element with locator-->By.id: about was found
19:05:12 INFO  manager.MyListener - Click on WebElement by locator-->[[ChromeDriver: chrome on WINDOWS (190c39b33732a01f72726455bddc3781)] -> id: about]
19:05:12 INFO  manager.MyListener - Start search element by locator-->By.id: photos
19:05:12 INFO  manager.MyListener - The element with locator-->By.id: photos was found
19:05:12 INFO  manager.MyListener - Start search element by locator-->By.xpath: //button[@type='submit']
19:05:12 INFO  manager.MyListener - The element with locator-->By.xpath: //button[@type='submit'] was found
19:05:17 INFO  manager.MyListener - Start search element by locator-->By.cssSelector: .mat-dialog-container
19:05:17 INFO  manager.MyListener - The element with locator-->By.cssSelector: .mat-dialog-container was found
19:05:17 INFO  manager.MyListener - Start search element by locator-->By.className: message
19:05:17 INFO  manager.MyListener - The element with locator-->By.className: message was found
19:05:17 INFO  manager.MyListener - Start search element by locator-->By.xpath: //button[text()='Search cars']
19:05:17 INFO  manager.MyListener - The element with locator-->By.xpath: //button[text()='Search cars'] was found
19:05:17 INFO  manager.MyListener - Click on WebElement by locator-->[[ChromeDriver: chrome on WINDOWS (190c39b33732a01f72726455bddc3781)] -> xpath: //button[text()='Search cars']]
19:05:17 INFO  manager.MyListener - Start search element by locator-->By.xpath: //a[text()=' Logout ']
19:05:17 INFO  manager.MyListener - The element with locator-->By.xpath: //a[text()=' Logout '] was found
19:05:18 INFO  manager.MyListener - Click on WebElement by locator-->[[ChromeDriver: chrome on WINDOWS (190c39b33732a01f72726455bddc3781)] -> xpath: //a[text()=' Logout ']]
19:05:23 INFO  manager.MyListener - Start search element by locator-->By.cssSelector: .logo
19:05:23 INFO  manager.MyListener - The element with locator-->By.cssSelector: .logo was found
19:05:23 INFO  manager.MyListener - Click on WebElement by locator-->[[ChromeDriver: chrome on WINDOWS (190c39b33732a01f72726455bddc3781)] -> css selector: .logo]
19:05:24 INFO  manager.MyListener - Start search element by locator-->By.id: city
19:05:24 INFO  manager.MyListener - The element with locator-->By.id: city was found
19:05:24 INFO  manager.MyListener - Click on WebElement by locator-->[[ChromeDriver: chrome on WINDOWS (190c39b33732a01f72726455bddc3781)] -> id: city]
19:05:24 INFO  manager.MyListener - Start search element by locator-->By.cssSelector: div.pac-item
19:05:25 INFO  manager.MyListener - The element with locator-->By.cssSelector: div.pac-item was found
19:05:25 INFO  manager.MyListener - Click on WebElement by locator-->[[ChromeDriver: chrome on WINDOWS (190c39b33732a01f72726455bddc3781)] -> css selector: div.pac-item]
19:05:25 INFO  manager.MyListener - Start search element by locator-->By.id: dates
19:05:25 INFO  manager.MyListener - The element with locator-->By.id: dates was found
19:05:25 INFO  manager.MyListener - Start search element by locator-->By.xpath: //button[@type='submit']
19:05:25 INFO  manager.MyListener - The element with locator-->By.xpath: //button[@type='submit'] was found
19:05:25 INFO  manager.MyListener - Start search element by locator-->By.cssSelector: .search-results
19:05:25 INFO  manager.MyListener - The element with locator-->By.cssSelector: .search-results was found
19:05:25 INFO  manager.MyListener - Start search element by locator-->By.cssSelector: .logo
19:05:25 INFO  manager.MyListener - The element with locator-->By.cssSelector: .logo was found
19:05:26 INFO  manager.MyListener - Click on WebElement by locator-->[[ChromeDriver: chrome on WINDOWS (190c39b33732a01f72726455bddc3781)] -> css selector: .logo]
19:05:27 INFO  manager.MyListener - Start search element by locator-->By.id: city
19:05:27 INFO  manager.MyListener - The element with locator-->By.id: city was found
19:05:27 INFO  manager.MyListener - Click on WebElement by locator-->[[ChromeDriver: chrome on WINDOWS (190c39b33732a01f72726455bddc3781)] -> id: city]
19:05:27 INFO  manager.MyListener - Start search element by locator-->By.cssSelector: div.pac-item
19:05:27 INFO  manager.MyListener - The element with locator-->By.cssSelector: div.pac-item was found
19:05:27 INFO  manager.MyListener - Click on WebElement by locator-->[[ChromeDriver: chrome on WINDOWS (190c39b33732a01f72726455bddc3781)] -> css selector: div.pac-item]
19:05:27 INFO  manager.MyListener - Start search element by locator-->By.id: dates
19:05:27 INFO  manager.MyListener - The element with locator-->By.id: dates was found
19:05:27 INFO  manager.MyListener - Click on WebElement by locator-->[[ChromeDriver: chrome on WINDOWS (190c39b33732a01f72726455bddc3781)] -> id: dates]
19:05:27 INFO  manager.MyListener - Start search element by locator-->By.xpath: //div[.=' 30 ']
19:05:27 INFO  manager.MyListener - The element with locator-->By.xpath: //div[.=' 30 '] was found
19:05:28 INFO  manager.MyListener - Click on WebElement by locator-->[[ChromeDriver: chrome on WINDOWS (190c39b33732a01f72726455bddc3781)] -> xpath: //div[.=' 30 ']]
19:05:28 INFO  manager.MyListener - Start search element by locator-->By.xpath: //button[@aria-label='Next month']
19:05:28 INFO  manager.MyListener - The element with locator-->By.xpath: //button[@aria-label='Next month'] was found
19:05:28 INFO  manager.MyListener - Click on WebElement by locator-->[[ChromeDriver: chrome on WINDOWS (190c39b33732a01f72726455bddc3781)] -> xpath: //button[@aria-label='Next month']]
19:05:28 INFO  manager.MyListener - Start search element by locator-->By.xpath: //button[@aria-label='Next month']
19:05:28 INFO  manager.MyListener - The element with locator-->By.xpath: //button[@aria-label='Next month'] was found
19:05:28 INFO  manager.MyListener - Click on WebElement by locator-->[[ChromeDriver: chrome on WINDOWS (190c39b33732a01f72726455bddc3781)] -> xpath: //button[@aria-label='Next month']]
19:05:28 INFO  manager.MyListener - Start search element by locator-->By.xpath: //button[@aria-label='Next month']
19:05:28 INFO  manager.MyListener - The element with locator-->By.xpath: //button[@aria-label='Next month'] was found
19:05:28 INFO  manager.MyListener - Click on WebElement by locator-->[[ChromeDriver: chrome on WINDOWS (190c39b33732a01f72726455bddc3781)] -> xpath: //button[@aria-label='Next month']]
19:05:28 INFO  manager.MyListener - Start search element by locator-->By.xpath: //button[@aria-label='Next month']
19:05:28 INFO  manager.MyListener - The element with locator-->By.xpath: //button[@aria-label='Next month'] was found
19:05:28 INFO  manager.MyListener - Click on WebElement by locator-->[[ChromeDriver: chrome on WINDOWS (190c39b33732a01f72726455bddc3781)] -> xpath: //button[@aria-label='Next month']]
19:05:28 INFO  manager.MyListener - Start search element by locator-->By.xpath: //button[@aria-label='Next month']
19:05:28 INFO  manager.MyListener - The element with locator-->By.xpath: //button[@aria-label='Next month'] was found
19:05:28 INFO  manager.MyListener - Click on WebElement by locator-->[[ChromeDriver: chrome on WINDOWS (190c39b33732a01f72726455bddc3781)] -> xpath: //button[@aria-label='Next month']]
19:05:28 INFO  manager.MyListener - Start search element by locator-->By.xpath: //button[@aria-label='Next month']
19:05:28 INFO  manager.MyListener - The element with locator-->By.xpath: //button[@aria-label='Next month'] was found
19:05:28 INFO  manager.MyListener - Click on WebElement by locator-->[[ChromeDriver: chrome on WINDOWS (190c39b33732a01f72726455bddc3781)] -> xpath: //button[@aria-label='Next month']]
19:05:28 INFO  manager.MyListener - Start search element by locator-->By.xpath: //button[@aria-label='Next month']
19:05:28 INFO  manager.MyListener - The element with locator-->By.xpath: //button[@aria-label='Next month'] was found
19:05:28 INFO  manager.MyListener - Click on WebElement by locator-->[[ChromeDriver: chrome on WINDOWS (190c39b33732a01f72726455bddc3781)] -> xpath: //button[@aria-label='Next month']]
19:05:28 INFO  manager.MyListener - Start search element by locator-->By.xpath: //button[@aria-label='Next month']
19:05:28 INFO  manager.MyListener - The element with locator-->By.xpath: //button[@aria-label='Next month'] was found
19:05:28 INFO  manager.MyListener - Click on WebElement by locator-->[[ChromeDriver: chrome on WINDOWS (190c39b33732a01f72726455bddc3781)] -> xpath: //button[@aria-label='Next month']]
19:05:28 INFO  manager.MyListener - Start search element by locator-->By.xpath: //button[@aria-label='Next month']
19:05:28 INFO  manager.MyListener - The element with locator-->By.xpath: //button[@aria-label='Next month'] was found
19:05:28 INFO  manager.MyListener - Click on WebElement by locator-->[[ChromeDriver: chrome on WINDOWS (190c39b33732a01f72726455bddc3781)] -> xpath: //button[@aria-label='Next month']]
19:05:28 INFO  manager.MyListener - Start search element by locator-->By.xpath: //div[.=' 26 ']
19:05:28 INFO  manager.MyListener - The element with locator-->By.xpath: //div[.=' 26 '] was found
19:05:28 INFO  manager.MyListener - Click on WebElement by locator-->[[ChromeDriver: chrome on WINDOWS (190c39b33732a01f72726455bddc3781)] -> xpath: //div[.=' 26 ']]
19:05:28 INFO  manager.MyListener - Start search element by locator-->By.xpath: //button[@type='submit']
19:05:28 INFO  manager.MyListener - The element with locator-->By.xpath: //button[@type='submit'] was found
19:05:29 INFO  manager.MyListener - Start search element by locator-->By.cssSelector: .cars-container
19:05:29 INFO  manager.MyListener - The element with locator-->By.cssSelector: .cars-container was found
19:05:29 INFO  manager.MyListener - Start search element by locator-->By.cssSelector: .logo
19:05:30 INFO  manager.MyListener - The element with locator-->By.cssSelector: .logo was found
19:05:30 INFO  manager.MyListener - Click on WebElement by locator-->[[ChromeDriver: chrome on WINDOWS (190c39b33732a01f72726455bddc3781)] -> css selector: .logo]
19:05:31 INFO  manager.MyListener - Start search element by locator-->By.id: city
19:05:31 INFO  manager.MyListener - The element with locator-->By.id: city was found
19:05:31 INFO  manager.MyListener - Click on WebElement by locator-->[[ChromeDriver: chrome on WINDOWS (190c39b33732a01f72726455bddc3781)] -> id: city]
19:05:31 INFO  manager.MyListener - Start search element by locator-->By.cssSelector: div.pac-item
19:05:32 INFO  manager.MyListener - The element with locator-->By.cssSelector: div.pac-item was found
19:05:32 INFO  manager.MyListener - Click on WebElement by locator-->[[ChromeDriver: chrome on WINDOWS (190c39b33732a01f72726455bddc3781)] -> css selector: div.pac-item]
19:05:32 INFO  manager.MyListener - Start search element by locator-->By.id: dates
19:05:32 INFO  manager.MyListener - The element with locator-->By.id: dates was found
19:05:32 INFO  manager.MyListener - Click on WebElement by locator-->[[ChromeDriver: chrome on WINDOWS (190c39b33732a01f72726455bddc3781)] -> id: dates]
19:05:32 INFO  manager.MyListener - Start search element by locator-->By.xpath: //button[@aria-label='Next month']
19:05:32 INFO  manager.MyListener - The element with locator-->By.xpath: //button[@aria-label='Next month'] was found
19:05:32 INFO  manager.MyListener - Click on WebElement by locator-->[[ChromeDriver: chrome on WINDOWS (190c39b33732a01f72726455bddc3781)] -> xpath: //button[@aria-label='Next month']]
19:05:32 INFO  manager.MyListener - Start search element by locator-->By.xpath: //div[.=' 12 ']
19:05:32 INFO  manager.MyListener - The element with locator-->By.xpath: //div[.=' 12 '] was found
19:05:32 INFO  manager.MyListener - Click on WebElement by locator-->[[ChromeDriver: chrome on WINDOWS (190c39b33732a01f72726455bddc3781)] -> xpath: //div[.=' 12 ']]
19:05:32 INFO  manager.MyListener - Start search element by locator-->By.xpath: //button[@aria-label='Next month']
19:05:32 INFO  manager.MyListener - The element with locator-->By.xpath: //button[@aria-label='Next month'] was found
19:05:32 INFO  manager.MyListener - Click on WebElement by locator-->[[ChromeDriver: chrome on WINDOWS (190c39b33732a01f72726455bddc3781)] -> xpath: //button[@aria-label='Next month']]
19:05:32 INFO  manager.MyListener - Start search element by locator-->By.xpath: //button[@aria-label='Next month']
19:05:32 INFO  manager.MyListener - The element with locator-->By.xpath: //button[@aria-label='Next month'] was found
19:05:32 INFO  manager.MyListener - Click on WebElement by locator-->[[ChromeDriver: chrome on WINDOWS (190c39b33732a01f72726455bddc3781)] -> xpath: //button[@aria-label='Next month']]
19:05:32 INFO  manager.MyListener - Start search element by locator-->By.xpath: //button[@aria-label='Next month']
19:05:32 INFO  manager.MyListener - The element with locator-->By.xpath: //button[@aria-label='Next month'] was found
19:05:32 INFO  manager.MyListener - Click on WebElement by locator-->[[ChromeDriver: chrome on WINDOWS (190c39b33732a01f72726455bddc3781)] -> xpath: //button[@aria-label='Next month']]
19:05:32 INFO  manager.MyListener - Start search element by locator-->By.xpath: //button[@aria-label='Next month']
19:05:32 INFO  manager.MyListener - The element with locator-->By.xpath: //button[@aria-label='Next month'] was found
19:05:32 INFO  manager.MyListener - Click on WebElement by locator-->[[ChromeDriver: chrome on WINDOWS (190c39b33732a01f72726455bddc3781)] -> xpath: //button[@aria-label='Next month']]
19:05:32 INFO  manager.MyListener - Start search element by locator-->By.xpath: //button[@aria-label='Next month']
19:05:32 INFO  manager.MyListener - The element with locator-->By.xpath: //button[@aria-label='Next month'] was found
19:05:32 INFO  manager.MyListener - Click on WebElement by locator-->[[ChromeDriver: chrome on WINDOWS (190c39b33732a01f72726455bddc3781)] -> xpath: //button[@aria-label='Next month']]
19:05:32 INFO  manager.MyListener - Start search element by locator-->By.xpath: //button[@aria-label='Next month']
19:05:32 INFO  manager.MyListener - The element with locator-->By.xpath: //button[@aria-label='Next month'] was found
19:05:32 INFO  manager.MyListener - Click on WebElement by locator-->[[ChromeDriver: chrome on WINDOWS (190c39b33732a01f72726455bddc3781)] -> xpath: //button[@aria-label='Next month']]
19:05:32 INFO  manager.MyListener - Start search element by locator-->By.xpath: //div[.=' 6 ']
19:05:32 INFO  manager.MyListener - The element with locator-->By.xpath: //div[.=' 6 '] was found
19:05:33 INFO  manager.MyListener - Click on WebElement by locator-->[[ChromeDriver: chrome on WINDOWS (190c39b33732a01f72726455bddc3781)] -> xpath: //div[.=' 6 ']]
19:05:33 INFO  manager.MyListener - Start search element by locator-->By.xpath: //button[@type='submit']
19:05:33 INFO  manager.MyListener - The element with locator-->By.xpath: //button[@type='submit'] was found
19:05:33 INFO  manager.MyListener - Start search element by locator-->By.cssSelector: .cars-container
19:05:34 INFO  manager.MyListener - The element with locator-->By.cssSelector: .cars-container was found
19:05:34 INFO  manager.MyListener - Start search element by locator-->By.xpath: //a[contains(text(),'Logout')]
19:05:49 INFO  manager.MyListener - The element with locator-->By.xpath: //a[contains(text(),'Logout')] was found
19:05:49 INFO  tests.TestBase - Test Registration Positive starts with user--->User{name='null', lastName='null', email='rona666@mail.ru', password='KoronA10!'}
19:05:49 INFO  manager.MyListener - Start search element by locator-->By.xpath: //a[text()=' Log in ']
19:05:49 INFO  manager.MyListener - The element with locator-->By.xpath: //a[text()=' Log in '] was found
19:05:49 INFO  manager.MyListener - Click on WebElement by locator-->[[ChromeDriver: chrome on WINDOWS (190c39b33732a01f72726455bddc3781)] -> xpath: //a[text()=' Log in ']]
19:05:49 INFO  manager.MyListener - Start search element by locator-->By.xpath: //input[@id='email']
19:05:49 INFO  manager.MyListener - The element with locator-->By.xpath: //input[@id='email'] was found
19:05:49 INFO  manager.MyListener - Click on WebElement by locator-->[[ChromeDriver: chrome on WINDOWS (190c39b33732a01f72726455bddc3781)] -> xpath: //input[@id='email']]
19:05:49 INFO  manager.MyListener - Start search element by locator-->By.xpath: //input[@id='password']
19:05:49 INFO  manager.MyListener - The element with locator-->By.xpath: //input[@id='password'] was found
19:05:49 INFO  manager.MyListener - Click on WebElement by locator-->[[ChromeDriver: chrome on WINDOWS (190c39b33732a01f72726455bddc3781)] -> xpath: //input[@id='password']]
19:05:49 INFO  manager.MyListener - Start search element by locator-->By.xpath: //button[@type='submit']
19:05:49 INFO  manager.MyListener - The element with locator-->By.xpath: //button[@type='submit'] was found
19:05:52 INFO  manager.MyListener - Start search element by locator-->By.cssSelector: .dialog-container
19:05:52 INFO  manager.MyListener - The element with locator-->By.cssSelector: .dialog-container was found
19:05:52 INFO  manager.MyListener - Start search element by locator-->By.cssSelector: .dialog-container h2
19:05:52 INFO  manager.MyListener - The element with locator-->By.cssSelector: .dialog-container h2 was found
19:05:52 INFO  manager.MyListener - Start search element by locator-->By.xpath: //button[text()='Ok']
19:05:52 INFO  manager.MyListener - The element with locator-->By.xpath: //button[text()='Ok'] was found
19:05:52 INFO  manager.MyListener - Start search element by locator-->By.xpath: //button[text()='Ok']
19:05:52 INFO  manager.MyListener - The element with locator-->By.xpath: //button[text()='Ok'] was found
19:05:52 INFO  manager.MyListener - Click on WebElement by locator-->[[ChromeDriver: chrome on WINDOWS (190c39b33732a01f72726455bddc3781)] -> xpath: //button[text()='Ok']]
19:05:52 INFO  manager.MyListener - Start search element by locator-->By.xpath: //a[contains(text(),'Logout')]
19:05:52 INFO  manager.MyListener - The element with locator-->By.xpath: //a[contains(text(),'Logout')] was found
19:05:52 INFO  manager.MyListener - Start search element by locator-->By.xpath: //a[text()=' Logout ']
19:05:52 INFO  manager.MyListener - The element with locator-->By.xpath: //a[text()=' Logout '] was found
19:05:52 INFO  manager.MyListener - Click on WebElement by locator-->[[ChromeDriver: chrome on WINDOWS (190c39b33732a01f72726455bddc3781)] -> xpath: //a[text()=' Logout ']]
19:05:52 INFO  tests.TestBase - Test Registration Positive starts with user--->User{name='null', lastName='null', email='rona666@mail.ru', password='KoronA10!'}
19:05:52 INFO  manager.MyListener - Start search element by locator-->By.xpath: //a[text()=' Log in ']
19:05:52 INFO  manager.MyListener - The element with locator-->By.xpath: //a[text()=' Log in '] was found
19:05:52 INFO  manager.MyListener - Click on WebElement by locator-->[[ChromeDriver: chrome on WINDOWS (190c39b33732a01f72726455bddc3781)] -> xpath: //a[text()=' Log in ']]
19:05:52 INFO  manager.MyListener - Start search element by locator-->By.xpath: //input[@id='email']
19:05:52 INFO  manager.MyListener - The element with locator-->By.xpath: //input[@id='email'] was found
19:05:52 INFO  manager.MyListener - Click on WebElement by locator-->[[ChromeDriver: chrome on WINDOWS (190c39b33732a01f72726455bddc3781)] -> xpath: //input[@id='email']]
19:05:52 INFO  manager.MyListener - Start search element by locator-->By.xpath: //input[@id='password']
19:05:52 INFO  manager.MyListener - The element with locator-->By.xpath: //input[@id='password'] was found
19:05:52 INFO  manager.MyListener - Click on WebElement by locator-->[[ChromeDriver: chrome on WINDOWS (190c39b33732a01f72726455bddc3781)] -> xpath: //input[@id='password']]
19:05:52 INFO  manager.MyListener - Start search element by locator-->By.xpath: //button[@type='submit']
19:05:52 INFO  manager.MyListener - The element with locator-->By.xpath: //button[@type='submit'] was found
19:05:55 INFO  manager.MyListener - Start search element by locator-->By.cssSelector: .dialog-container
19:05:55 INFO  manager.MyListener - The element with locator-->By.cssSelector: .dialog-container was found
19:05:55 INFO  manager.MyListener - Start search element by locator-->By.cssSelector: .dialog-container h2
19:05:55 INFO  manager.MyListener - The element with locator-->By.cssSelector: .dialog-container h2 was found
19:05:55 INFO  manager.MyListener - Start search element by locator-->By.xpath: //button[text()='Ok']
19:05:55 INFO  manager.MyListener - The element with locator-->By.xpath: //button[text()='Ok'] was found
19:05:55 INFO  manager.MyListener - Start search element by locator-->By.xpath: //button[text()='Ok']
19:05:55 INFO  manager.MyListener - The element with locator-->By.xpath: //button[text()='Ok'] was found
19:05:55 INFO  manager.MyListener - Click on WebElement by locator-->[[ChromeDriver: chrome on WINDOWS (190c39b33732a01f72726455bddc3781)] -> xpath: //button[text()='Ok']]
19:05:55 INFO  manager.MyListener - Start search element by locator-->By.xpath: //a[contains(text(),'Logout')]
19:05:55 INFO  manager.MyListener - The element with locator-->By.xpath: //a[contains(text(),'Logout')] was found
19:05:55 INFO  manager.MyListener - Start search element by locator-->By.xpath: //a[text()=' Logout ']
19:05:55 INFO  manager.MyListener - The element with locator-->By.xpath: //a[text()=' Logout '] was found
19:05:55 INFO  manager.MyListener - Click on WebElement by locator-->[[ChromeDriver: chrome on WINDOWS (190c39b33732a01f72726455bddc3781)] -> xpath: //a[text()=' Logout ']]
19:05:55 INFO  manager.MyListener - Start search element by locator-->By.xpath: //a[text()=' Log in ']
19:05:55 INFO  manager.MyListener - The element with locator-->By.xpath: //a[text()=' Log in '] was found
19:05:55 INFO  manager.MyListener - Click on WebElement by locator-->[[ChromeDriver: chrome on WINDOWS (190c39b33732a01f72726455bddc3781)] -> xpath: //a[text()=' Log in ']]
19:05:55 INFO  manager.MyListener - Start search element by locator-->By.xpath: //input[@id='email']
19:05:55 INFO  manager.MyListener - The element with locator-->By.xpath: //input[@id='email'] was found
19:05:55 INFO  manager.MyListener - Click on WebElement by locator-->[[ChromeDriver: chrome on WINDOWS (190c39b33732a01f72726455bddc3781)] -> xpath: //input[@id='email']]
19:05:55 INFO  manager.MyListener - Start search element by locator-->By.xpath: //input[@id='password']
19:05:55 INFO  manager.MyListener - The element with locator-->By.xpath: //input[@id='password'] was found
19:05:55 INFO  manager.MyListener - Click on WebElement by locator-->[[ChromeDriver: chrome on WINDOWS (190c39b33732a01f72726455bddc3781)] -> xpath: //input[@id='password']]
19:05:55 INFO  manager.MyListener - Start search element by locator-->By.xpath: //div[text()="It'snot look like email"]
19:05:55 INFO  manager.MyListener - The element with locator-->By.xpath: //div[text()="It'snot look like email"] was found
19:05:55 INFO  manager.MyListener - Start search element by locator-->By.xpath: //button[@type='submit']
19:05:55 INFO  manager.MyListener - The element with locator-->By.xpath: //button[@type='submit'] was found
19:05:55 INFO  manager.MyListener - Start search element by locator-->By.xpath: //button[text()='Ok']
19:06:10 INFO  manager.MyListener - The element with locator-->By.xpath: //button[text()='Ok'] was found
19:06:10 INFO  manager.MyListener - Start search element by locator-->By.xpath: //a[contains(text(),'Logout')]
19:06:26 INFO  manager.MyListener - The element with locator-->By.xpath: //a[contains(text(),'Logout')] was found
19:06:26 INFO  manager.MyListener - Start search element by locator-->By.xpath: //a[text()=' Log in ']
19:06:26 INFO  manager.MyListener - The element with locator-->By.xpath: //a[text()=' Log in '] was found
19:06:26 INFO  manager.MyListener - Click on WebElement by locator-->[[ChromeDriver: chrome on WINDOWS (190c39b33732a01f72726455bddc3781)] -> xpath: //a[text()=' Log in ']]
19:06:26 INFO  manager.MyListener - Start search element by locator-->By.xpath: //input[@id='email']
19:06:26 INFO  manager.MyListener - The element with locator-->By.xpath: //input[@id='email'] was found
19:06:26 INFO  manager.MyListener - Click on WebElement by locator-->[[ChromeDriver: chrome on WINDOWS (190c39b33732a01f72726455bddc3781)] -> xpath: //input[@id='email']]
19:06:26 INFO  manager.MyListener - Start search element by locator-->By.xpath: //input[@id='password']
19:06:26 INFO  manager.MyListener - The element with locator-->By.xpath: //input[@id='password'] was found
19:06:26 INFO  manager.MyListener - Click on WebElement by locator-->[[ChromeDriver: chrome on WINDOWS (190c39b33732a01f72726455bddc3781)] -> xpath: //input[@id='password']]
19:06:26 INFO  manager.MyListener - Start search element by locator-->By.xpath: //button[@type='submit']
19:06:26 INFO  manager.MyListener - The element with locator-->By.xpath: //button[@type='submit'] was found
19:06:26 INFO  manager.MyListener - Start search element by locator-->By.xpath: //mat-dialog-container[@role='dialog']
19:06:26 INFO  manager.MyListener - The element with locator-->By.xpath: //mat-dialog-container[@role='dialog'] was found
19:06:26 INFO  manager.MyListener - Start search element by locator-->By.xpath: //*[@aria-modal='true']
19:06:26 INFO  manager.MyListener - The element with locator-->By.xpath: //*[@aria-modal='true'] was found
19:06:26 INFO  manager.MyListener - Start search element by locator-->By.xpath: //button[text()='Ok']
19:06:26 INFO  manager.MyListener - The element with locator-->By.xpath: //button[text()='Ok'] was found
19:06:26 INFO  manager.MyListener - Start search element by locator-->By.xpath: //button[text()='Ok']
19:06:26 INFO  manager.MyListener - The element with locator-->By.xpath: //button[text()='Ok'] was found
19:06:27 INFO  manager.MyListener - Click on WebElement by locator-->[[ChromeDriver: chrome on WINDOWS (190c39b33732a01f72726455bddc3781)] -> xpath: //button[text()='Ok']]
19:06:27 INFO  manager.MyListener - Start search element by locator-->By.xpath: //a[contains(text(),'Logout')]
19:06:42 INFO  manager.MyListener - The element with locator-->By.xpath: //a[contains(text(),'Logout')] was found
19:06:42 INFO  manager.MyListener - Start search element by locator-->By.xpath: //a[text()=' Log in ']
19:06:42 INFO  manager.MyListener - The element with locator-->By.xpath: //a[text()=' Log in '] was found
19:06:42 INFO  manager.MyListener - Click on WebElement by locator-->[[ChromeDriver: chrome on WINDOWS (190c39b33732a01f72726455bddc3781)] -> xpath: //a[text()=' Log in ']]
19:06:42 INFO  manager.MyListener - Start search element by locator-->By.xpath: //input[@id='email']
19:06:42 INFO  manager.MyListener - The element with locator-->By.xpath: //input[@id='email'] was found
19:06:42 INFO  manager.MyListener - Click on WebElement by locator-->[[ChromeDriver: chrome on WINDOWS (190c39b33732a01f72726455bddc3781)] -> xpath: //input[@id='email']]
19:06:42 INFO  manager.MyListener - Start search element by locator-->By.xpath: //input[@id='password']
19:06:42 INFO  manager.MyListener - The element with locator-->By.xpath: //input[@id='password'] was found
19:06:42 INFO  manager.MyListener - Click on WebElement by locator-->[[ChromeDriver: chrome on WINDOWS (190c39b33732a01f72726455bddc3781)] -> xpath: //input[@id='password']]
19:06:42 INFO  manager.MyListener - Start search element by locator-->By.xpath: //button[@type='submit']
19:06:42 INFO  manager.MyListener - The element with locator-->By.xpath: //button[@type='submit'] was found
19:06:42 INFO  manager.MyListener - Start search element by locator-->By.xpath: //mat-dialog-container[@role='dialog']
19:06:42 INFO  manager.MyListener - The element with locator-->By.xpath: //mat-dialog-container[@role='dialog'] was found
19:06:42 INFO  manager.MyListener - Start search element by locator-->By.xpath: //*[@aria-modal='true']
19:06:42 INFO  manager.MyListener - The element with locator-->By.xpath: //*[@aria-modal='true'] was found
19:06:42 INFO  manager.MyListener - Start search element by locator-->By.xpath: //button[text()='Ok']
19:06:42 INFO  manager.MyListener - The element with locator-->By.xpath: //button[text()='Ok'] was found
19:06:42 INFO  manager.MyListener - Start search element by locator-->By.xpath: //button[text()='Ok']
19:06:42 INFO  manager.MyListener - The element with locator-->By.xpath: //button[text()='Ok'] was found
19:06:43 INFO  manager.MyListener - Click on WebElement by locator-->[[ChromeDriver: chrome on WINDOWS (190c39b33732a01f72726455bddc3781)] -> xpath: //button[text()='Ok']]
19:06:43 INFO  manager.MyListener - Start search element by locator-->By.xpath: //a[contains(text(),'Logout')]
19:06:58 INFO  manager.MyListener - The element with locator-->By.xpath: //a[contains(text(),'Logout')] was found
19:06:58 INFO  tests.TestBase - Start with email--->rona666@mail.ruWith password--->KoronA10!
19:06:58 INFO  manager.MyListener - Start search element by locator-->By.xpath: //a[text()=' Log in ']
19:06:58 INFO  manager.MyListener - The element with locator-->By.xpath: //a[text()=' Log in '] was found
19:06:58 INFO  manager.MyListener - Click on WebElement by locator-->[[ChromeDriver: chrome on WINDOWS (190c39b33732a01f72726455bddc3781)] -> xpath: //a[text()=' Log in ']]
19:06:58 INFO  manager.MyListener - Start search element by locator-->By.xpath: //input[@id='email']
19:06:58 INFO  manager.MyListener - The element with locator-->By.xpath: //input[@id='email'] was found
19:06:58 INFO  manager.MyListener - Click on WebElement by locator-->[[ChromeDriver: chrome on WINDOWS (190c39b33732a01f72726455bddc3781)] -> xpath: //input[@id='email']]
19:06:58 INFO  manager.MyListener - Start search element by locator-->By.xpath: //input[@id='password']
19:06:58 INFO  manager.MyListener - The element with locator-->By.xpath: //input[@id='password'] was found
19:06:58 INFO  manager.MyListener - Click on WebElement by locator-->[[ChromeDriver: chrome on WINDOWS (190c39b33732a01f72726455bddc3781)] -> xpath: //input[@id='password']]
19:06:58 INFO  manager.MyListener - Start search element by locator-->By.xpath: //button[@type='submit']
19:06:58 INFO  manager.MyListener - The element with locator-->By.xpath: //button[@type='submit'] was found
19:06:58 INFO  manager.MyListener - Start search element by locator-->By.cssSelector: .dialog-container
19:06:59 INFO  manager.MyListener - The element with locator-->By.cssSelector: .dialog-container was found
19:06:59 INFO  manager.MyListener - Start search element by locator-->By.cssSelector: .dialog-container h2
19:06:59 INFO  manager.MyListener - The element with locator-->By.cssSelector: .dialog-container h2 was found
19:06:59 INFO  manager.MyListener - Start search element by locator-->By.xpath: //button[text()='Ok']
19:06:59 INFO  manager.MyListener - The element with locator-->By.xpath: //button[text()='Ok'] was found
19:06:59 INFO  manager.MyListener - Start search element by locator-->By.xpath: //button[text()='Ok']
19:06:59 INFO  manager.MyListener - The element with locator-->By.xpath: //button[text()='Ok'] was found
19:06:59 INFO  manager.MyListener - Click on WebElement by locator-->[[ChromeDriver: chrome on WINDOWS (190c39b33732a01f72726455bddc3781)] -> xpath: //button[text()='Ok']]
19:06:59 INFO  manager.MyListener - Start search element by locator-->By.xpath: //a[contains(text(),'Logout')]
19:06:59 INFO  manager.MyListener - The element with locator-->By.xpath: //a[contains(text(),'Logout')] was found
19:06:59 INFO  manager.MyListener - Start search element by locator-->By.xpath: //a[text()=' Logout ']
19:06:59 INFO  manager.MyListener - The element with locator-->By.xpath: //a[text()=' Logout '] was found
19:06:59 INFO  manager.MyListener - Click on WebElement by locator-->[[ChromeDriver: chrome on WINDOWS (190c39b33732a01f72726455bddc3781)] -> xpath: //a[text()=' Logout ']]
19:06:59 INFO  tests.TestBase - Start with email--->rona666@mail.ruWith password--->KoronA10!
19:06:59 INFO  manager.MyListener - Start search element by locator-->By.xpath: //a[text()=' Log in ']
19:06:59 INFO  manager.MyListener - The element with locator-->By.xpath: //a[text()=' Log in '] was found
19:06:59 INFO  manager.MyListener - Click on WebElement by locator-->[[ChromeDriver: chrome on WINDOWS (190c39b33732a01f72726455bddc3781)] -> xpath: //a[text()=' Log in ']]
19:06:59 INFO  manager.MyListener - Start search element by locator-->By.xpath: //input[@id='email']
19:06:59 INFO  manager.MyListener - The element with locator-->By.xpath: //input[@id='email'] was found
19:06:59 INFO  manager.MyListener - Click on WebElement by locator-->[[ChromeDriver: chrome on WINDOWS (190c39b33732a01f72726455bddc3781)] -> xpath: //input[@id='email']]
19:07:00 INFO  manager.MyListener - Start search element by locator-->By.xpath: //input[@id='password']
19:07:00 INFO  manager.MyListener - The element with locator-->By.xpath: //input[@id='password'] was found
19:07:00 INFO  manager.MyListener - Click on WebElement by locator-->[[ChromeDriver: chrome on WINDOWS (190c39b33732a01f72726455bddc3781)] -> xpath: //input[@id='password']]
19:07:00 INFO  manager.MyListener - Start search element by locator-->By.xpath: //button[@type='submit']
19:07:00 INFO  manager.MyListener - The element with locator-->By.xpath: //button[@type='submit'] was found
19:07:00 INFO  manager.MyListener - Start search element by locator-->By.cssSelector: .dialog-container
19:07:01 INFO  manager.MyListener - The element with locator-->By.cssSelector: .dialog-container was found
19:07:01 INFO  manager.MyListener - Start search element by locator-->By.cssSelector: .dialog-container h2
19:07:01 INFO  manager.MyListener - The element with locator-->By.cssSelector: .dialog-container h2 was found
19:07:01 INFO  manager.MyListener - Start search element by locator-->By.xpath: //button[text()='Ok']
19:07:01 INFO  manager.MyListener - The element with locator-->By.xpath: //button[text()='Ok'] was found
19:07:01 INFO  manager.MyListener - Start search element by locator-->By.xpath: //button[text()='Ok']
19:07:01 INFO  manager.MyListener - The element with locator-->By.xpath: //button[text()='Ok'] was found
19:07:02 INFO  manager.MyListener - Click on WebElement by locator-->[[ChromeDriver: chrome on WINDOWS (190c39b33732a01f72726455bddc3781)] -> xpath: //button[text()='Ok']]
19:07:02 INFO  manager.MyListener - Start search element by locator-->By.xpath: //a[contains(text(),'Logout')]
19:07:02 INFO  manager.MyListener - The element with locator-->By.xpath: //a[contains(text(),'Logout')] was found
19:07:02 INFO  manager.MyListener - Start search element by locator-->By.xpath: //a[text()=' Logout ']
19:07:02 INFO  manager.MyListener - The element with locator-->By.xpath: //a[text()=' Logout '] was found
19:07:02 INFO  manager.MyListener - Click on WebElement by locator-->[[ChromeDriver: chrome on WINDOWS (190c39b33732a01f72726455bddc3781)] -> xpath: //a[text()=' Logout ']]
19:07:02 INFO  tests.TestBase - Start with email--->rona666@mail.ruWith password--->KoronA10!
19:07:02 INFO  manager.MyListener - Start search element by locator-->By.xpath: //a[text()=' Log in ']
19:07:02 INFO  manager.MyListener - The element with locator-->By.xpath: //a[text()=' Log in '] was found
19:07:02 INFO  manager.MyListener - Click on WebElement by locator-->[[ChromeDriver: chrome on WINDOWS (190c39b33732a01f72726455bddc3781)] -> xpath: //a[text()=' Log in ']]
19:07:02 INFO  manager.MyListener - Start search element by locator-->By.xpath: //input[@id='email']
19:07:02 INFO  manager.MyListener - The element with locator-->By.xpath: //input[@id='email'] was found
19:07:02 INFO  manager.MyListener - Click on WebElement by locator-->[[ChromeDriver: chrome on WINDOWS (190c39b33732a01f72726455bddc3781)] -> xpath: //input[@id='email']]
19:07:02 INFO  manager.MyListener - Start search element by locator-->By.xpath: //input[@id='password']
19:07:02 INFO  manager.MyListener - The element with locator-->By.xpath: //input[@id='password'] was found
19:07:02 INFO  manager.MyListener - Click on WebElement by locator-->[[ChromeDriver: chrome on WINDOWS (190c39b33732a01f72726455bddc3781)] -> xpath: //input[@id='password']]
19:07:02 INFO  manager.MyListener - Start search element by locator-->By.xpath: //button[@type='submit']
19:07:02 INFO  manager.MyListener - The element with locator-->By.xpath: //button[@type='submit'] was found
19:07:02 INFO  manager.MyListener - Start search element by locator-->By.cssSelector: .dialog-container
19:07:03 INFO  manager.MyListener - The element with locator-->By.cssSelector: .dialog-container was found
19:07:03 INFO  manager.MyListener - Start search element by locator-->By.cssSelector: .dialog-container h2
19:07:03 INFO  manager.MyListener - The element with locator-->By.cssSelector: .dialog-container h2 was found
19:07:03 INFO  manager.MyListener - Start search element by locator-->By.xpath: //button[text()='Ok']
19:07:03 INFO  manager.MyListener - The element with locator-->By.xpath: //button[text()='Ok'] was found
19:07:03 INFO  manager.MyListener - Start search element by locator-->By.xpath: //button[text()='Ok']
19:07:03 INFO  manager.MyListener - The element with locator-->By.xpath: //button[text()='Ok'] was found
19:07:03 INFO  manager.MyListener - Click on WebElement by locator-->[[ChromeDriver: chrome on WINDOWS (190c39b33732a01f72726455bddc3781)] -> xpath: //button[text()='Ok']]
19:07:03 INFO  manager.MyListener - Start search element by locator-->By.xpath: //a[text()=' Log in ']
19:07:18 INFO  manager.MyListener - The element with locator-->By.xpath: //a[text()=' Log in '] was found
19:07:18 INFO  manager.MyListener - Start search element by locator-->By.xpath: //a[text()=' Logout ']
19:07:18 INFO  manager.MyListener - The element with locator-->By.xpath: //a[text()=' Logout '] was found
19:07:18 INFO  manager.MyListener - Click on WebElement by locator-->[[ChromeDriver: chrome on WINDOWS (190c39b33732a01f72726455bddc3781)] -> xpath: //a[text()=' Logout ']]
19:07:18 INFO  manager.MyListener - Start search element by locator-->By.xpath: //a[text()=' Sign up ']
19:07:18 INFO  manager.MyListener - The element with locator-->By.xpath: //a[text()=' Sign up '] was found
19:07:18 INFO  manager.MyListener - Click on WebElement by locator-->[[ChromeDriver: chrome on WINDOWS (190c39b33732a01f72726455bddc3781)] -> xpath: //a[text()=' Sign up ']]
19:07:18 INFO  manager.MyListener - Start search element by locator-->By.id: name
19:07:18 INFO  manager.MyListener - The element with locator-->By.id: name was found
19:07:18 INFO  manager.MyListener - Click on WebElement by locator-->[[ChromeDriver: chrome on WINDOWS (190c39b33732a01f72726455bddc3781)] -> id: name]
19:07:19 INFO  manager.MyListener - Start search element by locator-->By.id: lastName
19:07:19 INFO  manager.MyListener - The element with locator-->By.id: lastName was found
19:07:19 INFO  manager.MyListener - Click on WebElement by locator-->[[ChromeDriver: chrome on WINDOWS (190c39b33732a01f72726455bddc3781)] -> id: lastName]
19:07:19 INFO  manager.MyListener - Start search element by locator-->By.id: email
19:07:19 INFO  manager.MyListener - The element with locator-->By.id: email was found
19:07:19 INFO  manager.MyListener - Click on WebElement by locator-->[[ChromeDriver: chrome on WINDOWS (190c39b33732a01f72726455bddc3781)] -> id: email]
19:07:19 INFO  manager.MyListener - Start search element by locator-->By.id: password
19:07:19 INFO  manager.MyListener - The element with locator-->By.id: password was found
19:07:19 INFO  manager.MyListener - Click on WebElement by locator-->[[ChromeDriver: chrome on WINDOWS (190c39b33732a01f72726455bddc3781)] -> id: password]
19:07:19 INFO  manager.MyListener - Start search element by locator-->By.cssSelector: label[for='terms-of-use']
19:07:19 INFO  manager.MyListener - The element with locator-->By.cssSelector: label[for='terms-of-use'] was found
19:07:19 INFO  manager.MyListener - Click on WebElement by locator-->[[ChromeDriver: chrome on WINDOWS (190c39b33732a01f72726455bddc3781)] -> css selector: label[for='terms-of-use']]
19:07:19 INFO  manager.MyListener - Start search element by locator-->By.xpath: //button[text()='Ok']
19:07:34 INFO  manager.MyListener - The element with locator-->By.xpath: //button[text()='Ok'] was found
19:07:34 INFO  manager.MyListener - Start search element by locator-->By.xpath: //a[text()=' Log in ']
19:07:34 INFO  manager.MyListener - The element with locator-->By.xpath: //a[text()=' Log in '] was found
19:07:34 INFO  manager.MyListener - Start search element by locator-->By.xpath: //a[text()=' Sign up ']
19:07:34 INFO  manager.MyListener - The element with locator-->By.xpath: //a[text()=' Sign up '] was found
19:07:34 INFO  manager.MyListener - Click on WebElement by locator-->[[ChromeDriver: chrome on WINDOWS (190c39b33732a01f72726455bddc3781)] -> xpath: //a[text()=' Sign up ']]
19:07:34 INFO  manager.MyListener - Start search element by locator-->By.id: name
19:07:35 INFO  manager.MyListener - The element with locator-->By.id: name was found
19:07:35 INFO  manager.MyListener - Click on WebElement by locator-->[[ChromeDriver: chrome on WINDOWS (190c39b33732a01f72726455bddc3781)] -> id: name]
19:07:35 INFO  manager.MyListener - Start search element by locator-->By.id: lastName
19:07:35 INFO  manager.MyListener - The element with locator-->By.id: lastName was found
19:07:35 INFO  manager.MyListener - Click on WebElement by locator-->[[ChromeDriver: chrome on WINDOWS (190c39b33732a01f72726455bddc3781)] -> id: lastName]
19:07:35 INFO  manager.MyListener - Start search element by locator-->By.id: email
19:07:35 INFO  manager.MyListener - The element with locator-->By.id: email was found
19:07:35 INFO  manager.MyListener - Click on WebElement by locator-->[[ChromeDriver: chrome on WINDOWS (190c39b33732a01f72726455bddc3781)] -> id: email]
19:07:35 INFO  manager.MyListener - Start search element by locator-->By.id: password
19:07:35 INFO  manager.MyListener - The element with locator-->By.id: password was found
19:07:35 INFO  manager.MyListener - Click on WebElement by locator-->[[ChromeDriver: chrome on WINDOWS (190c39b33732a01f72726455bddc3781)] -> id: password]
19:07:35 INFO  manager.MyListener - Start search element by locator-->By.cssSelector: label[for='terms-of-use']
19:07:35 INFO  manager.MyListener - The element with locator-->By.cssSelector: label[for='terms-of-use'] was found
19:07:35 INFO  manager.MyListener - Click on WebElement by locator-->[[ChromeDriver: chrome on WINDOWS (190c39b33732a01f72726455bddc3781)] -> css selector: label[for='terms-of-use']]
19:07:35 INFO  manager.MyListener - Start search element by locator-->By.xpath: //button[@type='submit']
19:07:35 INFO  manager.MyListener - The element with locator-->By.xpath: //button[@type='submit'] was found
19:07:35 INFO  manager.MyListener - Start search element by locator-->By.cssSelector: .dialog-container
19:07:36 INFO  manager.MyListener - The element with locator-->By.cssSelector: .dialog-container was found
19:07:36 INFO  manager.MyListener - Start search element by locator-->By.cssSelector: .dialog-container h1
19:07:36 INFO  manager.MyListener - The element with locator-->By.cssSelector: .dialog-container h1 was found
19:07:36 INFO  manager.MyListener - Start search element by locator-->By.xpath: //button[text()='Ok']
19:07:36 INFO  manager.MyListener - The element with locator-->By.xpath: //button[text()='Ok'] was found
19:07:36 INFO  manager.MyListener - Start search element by locator-->By.xpath: //button[text()='Ok']
19:07:36 INFO  manager.MyListener - The element with locator-->By.xpath: //button[text()='Ok'] was found
19:07:36 INFO  manager.MyListener - Click on WebElement by locator-->[[ChromeDriver: chrome on WINDOWS (190c39b33732a01f72726455bddc3781)] -> xpath: //button[text()='Ok']]
19:07:36 INFO  manager.MyListener - Start search element by locator-->By.xpath: //a[text()=' Log in ']
19:07:51 INFO  manager.MyListener - The element with locator-->By.xpath: //a[text()=' Log in '] was found
19:07:51 INFO  manager.MyListener - Start search element by locator-->By.xpath: //a[text()=' Logout ']
19:07:51 INFO  manager.MyListener - The element with locator-->By.xpath: //a[text()=' Logout '] was found
19:07:51 INFO  manager.MyListener - Click on WebElement by locator-->[[ChromeDriver: chrome on WINDOWS (190c39b33732a01f72726455bddc3781)] -> xpath: //a[text()=' Logout ']]
19:07:51 INFO  manager.MyListener - Start search element by locator-->By.xpath: //a[text()=' Sign up ']
19:07:51 INFO  manager.MyListener - The element with locator-->By.xpath: //a[text()=' Sign up '] was found
19:07:52 INFO  manager.MyListener - Click on WebElement by locator-->[[ChromeDriver: chrome on WINDOWS (190c39b33732a01f72726455bddc3781)] -> xpath: //a[text()=' Sign up ']]
19:07:52 INFO  manager.MyListener - Start search element by locator-->By.id: name
19:07:52 INFO  manager.MyListener - The element with locator-->By.id: name was found
19:07:52 INFO  manager.MyListener - Click on WebElement by locator-->[[ChromeDriver: chrome on WINDOWS (190c39b33732a01f72726455bddc3781)] -> id: name]
19:07:52 INFO  manager.MyListener - Start search element by locator-->By.id: lastName
19:07:52 INFO  manager.MyListener - The element with locator-->By.id: lastName was found
19:07:52 INFO  manager.MyListener - Click on WebElement by locator-->[[ChromeDriver: chrome on WINDOWS (190c39b33732a01f72726455bddc3781)] -> id: lastName]
19:07:52 INFO  manager.MyListener - Start search element by locator-->By.id: email
19:07:52 INFO  manager.MyListener - The element with locator-->By.id: email was found
19:07:52 INFO  manager.MyListener - Click on WebElement by locator-->[[ChromeDriver: chrome on WINDOWS (190c39b33732a01f72726455bddc3781)] -> id: email]
19:07:52 INFO  manager.MyListener - Start search element by locator-->By.id: password
19:07:52 INFO  manager.MyListener - The element with locator-->By.id: password was found
19:07:52 INFO  manager.MyListener - Click on WebElement by locator-->[[ChromeDriver: chrome on WINDOWS (190c39b33732a01f72726455bddc3781)] -> id: password]
19:07:52 INFO  manager.MyListener - Start search element by locator-->By.cssSelector: label[for='terms-of-use']
19:07:52 INFO  manager.MyListener - The element with locator-->By.cssSelector: label[for='terms-of-use'] was found
19:07:52 INFO  manager.MyListener - Click on WebElement by locator-->[[ChromeDriver: chrome on WINDOWS (190c39b33732a01f72726455bddc3781)] -> css selector: label[for='terms-of-use']]
19:07:52 INFO  manager.MyListener - Start search element by locator-->By.xpath: //button[@type='submit']
19:07:52 INFO  manager.MyListener - The element with locator-->By.xpath: //button[@type='submit'] was found
19:07:53 INFO  manager.MyListener - Start search element by locator-->By.cssSelector: .dialog-container
19:07:53 INFO  manager.MyListener - The element with locator-->By.cssSelector: .dialog-container was found
19:07:53 INFO  manager.MyListener - Start search element by locator-->By.cssSelector: .dialog-container h1
19:07:53 INFO  manager.MyListener - The element with locator-->By.cssSelector: .dialog-container h1 was found
19:07:53 INFO  manager.MyListener - Start search element by locator-->By.xpath: //button[text()='Ok']
19:07:53 INFO  manager.MyListener - The element with locator-->By.xpath: //button[text()='Ok'] was found
19:07:53 INFO  manager.MyListener - Start search element by locator-->By.xpath: //button[text()='Ok']
19:07:53 INFO  manager.MyListener - The element with locator-->By.xpath: //button[text()='Ok'] was found
19:07:53 INFO  manager.MyListener - Click on WebElement by locator-->[[ChromeDriver: chrome on WINDOWS (190c39b33732a01f72726455bddc3781)] -> xpath: //button[text()='Ok']]
