18:48:29 INFO  manager.ApplicationManager - Tests stars with Chrome
18:48:34 INFO  manager.MyListener - Start search element by locator-->By.id: city
18:48:35 INFO  manager.MyListener - The element with locator-->By.id: city was found
18:48:35 INFO  manager.MyListener - Click on WebElement by locator-->[[ChromeDriver: chrome on WINDOWS (750c8561249b1c418b050758656266a2)] -> id: city]
18:48:35 INFO  manager.MyListener - Start search element by locator-->By.cssSelector: div.pac-item
18:48:35 INFO  manager.MyListener - The element with locator-->By.cssSelector: div.pac-item was found
18:48:35 INFO  manager.MyListener - Click on WebElement by locator-->[[ChromeDriver: chrome on WINDOWS (750c8561249b1c418b050758656266a2)] -> css selector: div.pac-item]
18:48:35 INFO  manager.MyListener - Start search element by locator-->By.id: dates
18:48:35 INFO  manager.MyListener - The element with locator-->By.id: dates was found
18:48:36 INFO  manager.MyListener - Click on WebElement by locator-->[[ChromeDriver: chrome on WINDOWS (750c8561249b1c418b050758656266a2)] -> id: dates]
18:48:36 INFO  manager.MyListener - Start search element by locator-->By.xpath: //button[@type='submit']
18:48:36 INFO  manager.MyListener - The element with locator-->By.xpath: //button[@type='submit'] was found
18:48:46 INFO  manager.MyListener - Start search element by locator-->By.id: city
18:48:46 INFO  manager.MyListener - The element with locator-->By.id: city was found
18:48:48 INFO  manager.MyListener - Something went wrong!!!
18:48:48 INFO  manager.MyListener - org.openqa.selenium.ElementClickInterceptedException: element click intercepted: Element <input _ngcontent-nks-c72="" formcontrolname="city" id="city" placeholder="" type="text" class="pac-target-input ng-dirty ng-touched ng-valid" autocomplete="off"> is not clickable at point (267, 288). Other element would receive the click: <div class="mat-calendar-body-cell-content">...</div>
  (Session info: chrome=95.0.4638.69)
Build info: version: '3.141.59', revision: 'e82be7d358', time: '2018-11-14T08:17:03'
System info: host: 'DESKTOP-LB14E35', ip: '172.20.10.10', os.name: 'Windows 10', os.arch: 'amd64', os.version: '10.0', java.version: '1.8.0_301'
Driver info: org.openqa.selenium.chrome.ChromeDriver
Capabilities {acceptInsecureCerts: false, browserName: chrome, browserVersion: 95.0.4638.69, chrome: {chromedriverVersion: 94.0.4606.61 (418b78f5838ed..., userDataDir: C:\Users\Inga\AppData\Local...}, goog:chromeOptions: {debuggerAddress: localhost:54114}, javascriptEnabled: true, networkConnectionEnabled: false, pageLoadStrategy: normal, platform: WINDOWS, platformName: WINDOWS, proxy: Proxy(), setWindowRect: true, strictFileInteractability: false, timeouts: {implicit: 0, pageLoad: 300000, script: 30000}, unhandledPromptBehavior: dismiss and notify, webauthn:extension:credBlob: true, webauthn:extension:largeBlob: true, webauthn:virtualAuthenticators: true}
Session ID: 750c8561249b1c418b050758656266a2
18:48:49 INFO  manager.MyListener - This link to screenshot with error --->src/test/screenshots/screenshot-2928.png
