20:07:04 INFO  manager.ApplicationManager - Tests stars with Chrome
20:07:08 INFO  manager.MyListener - Start search element by locator-->By.cssSelector: .logo
20:07:08 INFO  manager.MyListener - The element with locator-->By.cssSelector: .logo was found
20:07:09 INFO  manager.MyListener - Click on WebElement by locator-->[[ChromeDriver: chrome on WINDOWS (eb649a2c8c458d66be0c1ecd5b68ecc2)] -> css selector: .logo]
20:07:09 INFO  manager.MyListener - Start search element by locator-->By.id: city
20:07:09 INFO  manager.MyListener - The element with locator-->By.id: city was found
20:07:09 INFO  manager.MyListener - Click on WebElement by locator-->[[ChromeDriver: chrome on WINDOWS (eb649a2c8c458d66be0c1ecd5b68ecc2)] -> id: city]
20:07:09 INFO  manager.MyListener - Start search element by locator-->By.cssSelector: div.pac-item
20:07:09 INFO  manager.MyListener - The element with locator-->By.cssSelector: div.pac-item was found
20:07:09 INFO  manager.MyListener - Click on WebElement by locator-->[[ChromeDriver: chrome on WINDOWS (eb649a2c8c458d66be0c1ecd5b68ecc2)] -> css selector: div.pac-item]
20:07:09 INFO  manager.MyListener - Start search element by locator-->By.id: dates
20:07:10 INFO  manager.MyListener - The element with locator-->By.id: dates was found
20:07:10 INFO  manager.MyListener - Click on WebElement by locator-->[[ChromeDriver: chrome on WINDOWS (eb649a2c8c458d66be0c1ecd5b68ecc2)] -> id: dates]
20:07:10 INFO  manager.MyListener - Start search element by locator-->By.xpath: //button[@type='submit']
20:07:10 INFO  manager.MyListener - The element with locator-->By.xpath: //button[@type='submit'] was found
20:07:20 INFO  manager.MyListener - Start search element by locator-->By.cssSelector: .logo
20:07:21 INFO  manager.MyListener - The element with locator-->By.cssSelector: .logo was found
20:07:22 INFO  manager.MyListener - Something went wrong!!!
20:07:22 INFO  manager.MyListener - org.openqa.selenium.ElementClickInterceptedException: element click intercepted: Element <a _ngcontent-ppx-c25="" href="/" class="logo">...</a> is not clickable at point (195, 34). Other element would receive the click: <div class="mat-calendar-header">...</div>
  (Session info: chrome=96.0.4664.45)
Build info: version: '3.141.59', revision: 'e82be7d358', time: '2018-11-14T08:17:03'
System info: host: 'DESKTOP-LB14E35', ip: '172.20.10.10', os.name: 'Windows 10', os.arch: 'amd64', os.version: '10.0', java.version: '1.8.0_301'
Driver info: org.openqa.selenium.chrome.ChromeDriver
Capabilities {acceptInsecureCerts: false, browserName: chrome, browserVersion: 96.0.4664.45, chrome: {chromedriverVersion: 95.0.4638.69 (6a1600ed572fe..., userDataDir: C:\Users\Inga\AppData\Local...}, goog:chromeOptions: {debuggerAddress: localhost:54246}, javascriptEnabled: true, networkConnectionEnabled: false, pageLoadStrategy: normal, platform: WINDOWS, platformName: WINDOWS, proxy: Proxy(), setWindowRect: true, strictFileInteractability: false, timeouts: {implicit: 0, pageLoad: 300000, script: 30000}, unhandledPromptBehavior: dismiss and notify, webauthn:extension:credBlob: true, webauthn:extension:largeBlob: true, webauthn:virtualAuthenticators: true}
Session ID: eb649a2c8c458d66be0c1ecd5b68ecc2
20:07:22 INFO  manager.MyListener - This link to screenshot with error --->src/test/screenshots/screenshot-442.png
