19:19:42 INFO  manager.ApplicationManager - Tests stars with Chrome
19:19:58 INFO  manager.MyListener - Start search element by locator-->By.xpath: //a[text()=' Log in ']
19:19:58 INFO  manager.MyListener - The element with locator-->By.xpath: //a[text()=' Log in '] was found
19:19:58 INFO  manager.MyListener - Start search element by locator-->By.xpath: //a[text()=' Sign up ']
19:19:58 INFO  manager.MyListener - The element with locator-->By.xpath: //a[text()=' Sign up '] was found
19:19:58 INFO  manager.MyListener - Click on WebElement by locator-->[[ChromeDriver: chrome on WINDOWS (b18063cc3b63e95805f87a0cd1b03143)] -> xpath: //a[text()=' Sign up ']]
19:19:58 INFO  manager.MyListener - Start search element by locator-->By.id: name
19:19:58 INFO  manager.MyListener - The element with locator-->By.id: name was found
19:19:58 INFO  manager.MyListener - Click on WebElement by locator-->[[ChromeDriver: chrome on WINDOWS (b18063cc3b63e95805f87a0cd1b03143)] -> id: name]
19:19:59 INFO  manager.MyListener - Start search element by locator-->By.id: lastName
19:19:59 INFO  manager.MyListener - The element with locator-->By.id: lastName was found
19:19:59 INFO  manager.MyListener - Click on WebElement by locator-->[[ChromeDriver: chrome on WINDOWS (b18063cc3b63e95805f87a0cd1b03143)] -> id: lastName]
19:19:59 INFO  manager.MyListener - Start search element by locator-->By.id: email
19:19:59 INFO  manager.MyListener - The element with locator-->By.id: email was found
19:19:59 INFO  manager.MyListener - Click on WebElement by locator-->[[ChromeDriver: chrome on WINDOWS (b18063cc3b63e95805f87a0cd1b03143)] -> id: email]
19:19:59 INFO  manager.MyListener - Start search element by locator-->By.id: password
19:19:59 INFO  manager.MyListener - The element with locator-->By.id: password was found
19:19:59 INFO  manager.MyListener - Click on WebElement by locator-->[[ChromeDriver: chrome on WINDOWS (b18063cc3b63e95805f87a0cd1b03143)] -> id: password]
19:19:59 INFO  manager.MyListener - Start search element by locator-->By.cssSelector: .checkbox-container
19:19:59 INFO  manager.MyListener - The element with locator-->By.cssSelector: .checkbox-container was found
19:20:02 INFO  manager.MyListener - Start search element by locator-->By.xpath: //button[@type='submit']
19:20:02 INFO  manager.MyListener - The element with locator-->By.xpath: //button[@type='submit'] was found
19:20:13 INFO  manager.MyListener - Start search element by locator-->By.xpath: //button[text()='Ok']
19:20:25 INFO  manager.MyListener - The element with locator-->By.xpath: //button[text()='Ok'] was found
19:20:25 INFO  manager.MyListener - Start search element by locator-->By.xpath: //a[text()=' Log in ']
19:20:38 INFO  manager.MyListener - Something went wrong!!!
19:20:38 INFO  manager.MyListener - org.openqa.selenium.WebDriverException: chrome not reachable
  (Session info: chrome=96.0.4664.45)
Build info: version: '3.141.59', revision: 'e82be7d358', time: '2018-11-14T08:17:03'
System info: host: 'DESKTOP-LB14E35', ip: '172.20.10.10', os.name: 'Windows 10', os.arch: 'amd64', os.version: '10.0', java.version: '1.8.0_301'
Driver info: org.openqa.selenium.chrome.ChromeDriver
Capabilities {acceptInsecureCerts: false, browserName: chrome, browserVersion: 96.0.4664.45, chrome: {chromedriverVersion: 95.0.4638.69 (6a1600ed572fe..., userDataDir: C:\Users\Inga\AppData\Local...}, goog:chromeOptions: {debuggerAddress: localhost:62246}, javascriptEnabled: true, networkConnectionEnabled: false, pageLoadStrategy: normal, platform: WINDOWS, platformName: WINDOWS, proxy: Proxy(), setWindowRect: true, strictFileInteractability: false, timeouts: {implicit: 0, pageLoad: 300000, script: 30000}, unhandledPromptBehavior: dismiss and notify, webauthn:extension:credBlob: true, webauthn:extension:largeBlob: true, webauthn:virtualAuthenticators: true}
Session ID: b18063cc3b63e95805f87a0cd1b03143
*** Element info: {Using=xpath, value=//a[text()=' Log in ']}
19:20:50 INFO  manager.MyListener - Start search element by locator-->By.xpath: //button[text()='Ok']
