10:45:46 INFO  manager.ApplicationManager - Tests starts on Chrome Driver
10:45:49 INFO  manager.MyListener - Start search element by locator-->By.xpath: //a[contains(text(),'Logout')]
10:46:04 INFO  manager.MyListener - The element with locator-->By.xpath: //a[contains(text(),'Logout')] was found
10:46:04 INFO  tests.TestBase - Test Registration Positive starts with email--->rona666@mail.ru
10:46:04 INFO  tests.TestBase - Test Registration Positive starts with password--->KoronA10!
10:46:04 INFO  manager.MyListener - Start search element by locator-->By.xpath: //a[text()=' Log in ']
10:46:04 INFO  manager.MyListener - The element with locator-->By.xpath: //a[text()=' Log in '] was found
10:46:04 INFO  manager.MyListener - Click on WebElement by locator-->[[ChromeDriver: chrome on WINDOWS (e1046fc6c99c13d9581c2fbcdfc37871)] -> xpath: //a[text()=' Log in ']]
10:46:04 INFO  manager.MyListener - Start search element by locator-->By.xpath: //input[id='email']
10:46:19 INFO  manager.MyListener - Something went wrong!!!
10:46:19 INFO  manager.MyListener - org.openqa.selenium.NoSuchElementException: no such element: Unable to locate element: {"method":"xpath","selector":"//input[id='email']"}
  (Session info: chrome=95.0.4638.54)
For documentation on this error, please visit: https://www.seleniumhq.org/exceptions/no_such_element.html
Build info: version: '3.141.59', revision: 'e82be7d358', time: '2018-11-14T08:17:03'
System info: host: 'DESKTOP-LB14E35', ip: '172.20.10.10', os.name: 'Windows 10', os.arch: 'amd64', os.version: '10.0', java.version: '1.8.0_301'
Driver info: org.openqa.selenium.chrome.ChromeDriver
Capabilities {acceptInsecureCerts: false, browserName: chrome, browserVersion: 95.0.4638.54, chrome: {chromedriverVersion: 94.0.4606.61 (418b78f5838ed..., userDataDir: C:\Users\Inga\AppData\Local...}, goog:chromeOptions: {debuggerAddress: localhost:62649}, javascriptEnabled: true, networkConnectionEnabled: false, pageLoadStrategy: normal, platform: WINDOWS, platformName: WINDOWS, proxy: Proxy(), setWindowRect: true, strictFileInteractability: false, timeouts: {implicit: 0, pageLoad: 300000, script: 30000}, unhandledPromptBehavior: dismiss and notify, webauthn:extension:credBlob: true, webauthn:extension:largeBlob: true, webauthn:virtualAuthenticators: true}
Session ID: e1046fc6c99c13d9581c2fbcdfc37871
*** Element info: {Using=xpath, value=//input[id='email']}
10:46:19 INFO  manager.MyListener - This link to screenshot with error --->src/test/screenshots/screenshot-2779.png
10:46:19 INFO  manager.MyListener - Start search element by locator-->By.xpath: //button[text()='Ok']
10:46:34 INFO  manager.MyListener - The element with locator-->By.xpath: //button[text()='Ok'] was found
