17:53:11 INFO  manager.ApplicationManager - Tests stars with Chrome
17:53:15 INFO  manager.MyListener - Start search element by locator-->By.id: city
17:53:15 INFO  manager.MyListener - The element with locator-->By.id: city was found
17:53:15 INFO  manager.MyListener - Click on WebElement by locator-->[[ChromeDriver: chrome on WINDOWS (c3cf08eed6a8406ad2093a013a6d806b)] -> id: city]
17:53:15 INFO  manager.MyListener - Start search element by locator-->By.cssSelector: div.pac-item
17:53:16 INFO  manager.MyListener - The element with locator-->By.cssSelector: div.pac-item was found
17:53:16 INFO  manager.MyListener - Click on WebElement by locator-->[[ChromeDriver: chrome on WINDOWS (c3cf08eed6a8406ad2093a013a6d806b)] -> css selector: div.pac-item]
17:53:16 INFO  manager.MyListener - Start search element by locator-->By.id: dates
17:53:16 INFO  manager.MyListener - The element with locator-->By.id: dates was found
17:53:16 INFO  manager.MyListener - Click on WebElement by locator-->[[ChromeDriver: chrome on WINDOWS (c3cf08eed6a8406ad2093a013a6d806b)] -> id: dates]
17:53:16 INFO  manager.MyListener - Start search element by locator-->By.id: dates
17:53:16 INFO  manager.MyListener - The element with locator-->By.id: dates was found
17:53:17 INFO  manager.MyListener - Something went wrong!!!
17:53:17 INFO  manager.MyListener - org.openqa.selenium.ElementClickInterceptedException: element click intercepted: Element <input _ngcontent-xfu-c72="" formcontrolname="dates" id="dates" class="ng-pristine ng-invalid ng-touched" aria-haspopup="dialog" min="2021-11-20" max="2022-11-20" aria-owns="sat-datepicker-0"> is not clickable at point (267, 380). Other element would receive the click: <div class="cdk-overlay-backdrop mat-overlay-transparent-backdrop cdk-overlay-backdrop-showing"></div>
  (Session info: chrome=95.0.4638.69)
Build info: version: '3.141.59', revision: 'e82be7d358', time: '2018-11-14T08:17:03'
System info: host: 'DESKTOP-LB14E35', ip: '172.20.10.10', os.name: 'Windows 10', os.arch: 'amd64', os.version: '10.0', java.version: '1.8.0_301'
Driver info: org.openqa.selenium.chrome.ChromeDriver
Capabilities {acceptInsecureCerts: false, browserName: chrome, browserVersion: 95.0.4638.69, chrome: {chromedriverVersion: 94.0.4606.61 (418b78f5838ed..., userDataDir: C:\Users\Inga\AppData\Local...}, goog:chromeOptions: {debuggerAddress: localhost:63395}, javascriptEnabled: true, networkConnectionEnabled: false, pageLoadStrategy: normal, platform: WINDOWS, platformName: WINDOWS, proxy: Proxy(), setWindowRect: true, strictFileInteractability: false, timeouts: {implicit: 0, pageLoad: 300000, script: 30000}, unhandledPromptBehavior: dismiss and notify, webauthn:extension:credBlob: true, webauthn:extension:largeBlob: true, webauthn:virtualAuthenticators: true}
Session ID: c3cf08eed6a8406ad2093a013a6d806b
17:53:18 INFO  manager.MyListener - This link to screenshot with error --->src/test/screenshots/screenshot-3197.png
